<?xml version="1.0" encoding="UTF-8"?>
<testng-results skipped="0" failed="0" total="1" passed="1">
  <reporter-output>
  </reporter-output>
  <suite name="Default suite" duration-ms="15921" started-at="2014-03-21T10:03:13Z" finished-at="2014-03-21T10:03:29Z">
    <groups>
    </groups>
    <test name="Default test" duration-ms="15921" started-at="2014-03-21T10:03:13Z" finished-at="2014-03-21T10:03:29Z">
      <class name="newpackage.newclass">
        <test-method status="PASS" signature="start()[pri:0, instance:newpackage.newclass@39e57e8f]" name="start" is-config="true" duration-ms="10567" started-at="2014-03-21T15:33:13Z" finished-at="2014-03-21T15:33:24Z">
          <reporter-output>
          </reporter-output>
        </test-method> <!-- start -->
        <test-method status="PASS" signature="javaScriptExec()[pri:0, instance:newpackage.newclass@39e57e8f]" name="javaScriptExec" duration-ms="5339" started-at="2014-03-21T15:33:24Z" finished-at="2014-03-21T15:33:29Z">
          <reporter-output>
          </reporter-output>
        </test-method> <!-- javaScriptExec -->
        <test-method status="PASS" signature="stop()[pri:0, instance:newpackage.newclass@39e57e8f]" name="stop" is-config="true" duration-ms="0" started-at="2014-03-21T15:33:29Z" finished-at="2014-03-21T15:33:29Z">
          <reporter-output>
          </reporter-output>
        </test-method> <!-- stop -->
      </class> <!-- newpackage.newclass -->
    </test> <!-- Default test -->
  </suite> <!-- Default suite -->
</testng-results>
